1484407484336	geckodriver	INFO	Listening on 127.0.0.1:59509
1484407485337	mozprofile::profile	INFO	Using profile path /var/folders/ff/ndfsl9xd65jb68ptf6x3b_7h0000gn/T/rust_mozprofile.3yfxqt32bg82
1484407485338	geckodriver::marionette	INFO	Starting browser /Applications/Firefox.app/Contents/MacOS/firefox-bin
1484407485437	geckodriver::marionette	INFO	Connecting to Marionette on localhost:59516
1484407485878	Marionette	INFO	Listening on port 59516
AVF info: Successfully connected to the Intel plugin, offline Gen75 
1484407673281	geckodriver	INFO	Listening on 127.0.0.1:59712
1484407674283	mozprofile::profile	INFO	Using profile path /var/folders/ff/ndfsl9xd65jb68ptf6x3b_7h0000gn/T/rust_mozprofile.PsgGieHe0MDi
1484407674284	geckodriver::marionette	INFO	Starting browser /Applications/Firefox.app/Contents/MacOS/firefox-bin
1484407674285	geckodriver::marionette	INFO	Connecting to Marionette on localhost:59718
1484407674741	Marionette	INFO	Listening on port 59718
AVF info: Successfully connected to the Intel plugin, offline Gen75 
1484407792049	geckodriver	INFO	Listening on 127.0.0.1:59835
1484407793051	mozprofile::profile	INFO	Using profile path /var/folders/ff/ndfsl9xd65jb68ptf6x3b_7h0000gn/T/rust_mozprofile.3Ou9rIZyHzxX
1484407793051	geckodriver::marionette	INFO	Starting browser /Applications/Firefox.app/Contents/MacOS/firefox-bin
1484407793053	geckodriver::marionette	INFO	Connecting to Marionette on localhost:59841
1484407793497	Marionette	INFO	Listening on port 59841
AVF info: Successfully connected to the Intel plugin, offline Gen75 
1484451322135	geckodriver	INFO	Listening on 127.0.0.1:49911
1484451323070	mozprofile::profile	INFO	Using profile path /var/folders/ff/ndfsl9xd65jb68ptf6x3b_7h0000gn/T/rust_mozprofile.XEqsKkw94oTm
1484451323071	geckodriver::marionette	INFO	Starting browser /Applications/Firefox.app/Contents/MacOS/firefox-bin
1484451323139	geckodriver::marionette	INFO	Connecting to Marionette on localhost:49920
1484451323659	Marionette	INFO	Listening on port 49920
AVF info: Successfully connected to the Intel plugin, offline Gen75 
*************************
A coding exception was thrown and uncaught in a Task.

Full message: TypeError: can't access dead object
Full stack: find_@chrome://marionette/content/element.js:279:7
element.find/</findElements<@chrome://marionette/content/element.js:250:15
implicitlyWaitFor/</elementSearch@chrome://marionette/content/element.js:576:15

*************************
*************************
A coding exception was thrown and uncaught in a Task.

Full message: TypeError: can't access dead object
Full stack: find_@chrome://marionette/content/element.js:279:7
element.find/</findElements<@chrome://marionette/content/element.js:250:15
implicitlyWaitFor/</elementSearch@chrome://marionette/content/element.js:576:15

*************************
Marionette threw an error: [Exception... "Component returned failure code: 0x80070057 (NS_ERROR_ILLEGAL_VALUE) [nsIMessageSender.sendAsyncMessage]"  nsresult: "0x80070057 (NS_ERROR_ILLEGAL_VALUE)"  location: "JS frame :: chrome://marionette/content/proxy.js :: sendReply_ :: line 187"  data: no]
sendReply_@chrome://marionette/content/proxy.js:187:5
reply@chrome://marionette/content/proxy.js:176:7
sendToServer@chrome://marionette/content/listener.js:430:3
sendError@chrome://marionette/content/listener.js:464:3
dispatch/</<@chrome://marionette/content/listener.js:201:40
Handler.prototype.process@resource://gre/modules/Promise.jsm -> resource://gre/modules/Promise-backend.js:940:21
this.PromiseWalker.walkerLoop@resource://gre/modules/Promise.jsm -> resource://gre/modules/Promise-backend.js:816:7
this.PromiseWalker.scheduleWalkerLoop/<@resource://gre/modules/Promise.jsm -> resource://gre/modules/Promise-backend.js:750:11

[Child 666] ###!!! ABORT: Aborting on channel error.: file /builds/slave/m-rel-m64-00000000000000000000/build/src/ipc/glue/MessageChannel.cpp, line 2056
[Child 666] ###!!! ABORT: Aborting on channel error.: file /builds/slave/m-rel-m64-00000000000000000000/build/src/ipc/glue/MessageChannel.cpp, line 2056
1484451416283	geckodriver	INFO	Listening on 127.0.0.1:50012
1484451417285	mozprofile::profile	INFO	Using profile path /var/folders/ff/ndfsl9xd65jb68ptf6x3b_7h0000gn/T/rust_mozprofile.R7cne03O1X4q
1484451417286	geckodriver::marionette	INFO	Starting browser /Applications/Firefox.app/Contents/MacOS/firefox-bin
1484451417289	geckodriver::marionette	INFO	Connecting to Marionette on localhost:50021
1484451417696	Marionette	INFO	Listening on port 50021
AVF info: Successfully connected to the Intel plugin, offline Gen75 
